#
# There is insufficient memory for the Java Runtime Environment to continue.
# Native memory allocation (mmap) failed to map 65536 bytes for Failed to commit metaspace.
# Possible reasons:
#   The system is out of physical RAM or swap space
#   The process is running with CompressedOops enabled, and the Java Heap may be blocking the growth of the native heap
# Possible solutions:
#   Reduce memory load on the system
#   Increase physical memory or swap space
#   Check if swap backing store is full
#   Decrease Java heap size (-Xmx/-Xms)
#   Decrease number of Java threads
#   Decrease Java thread stack sizes (-Xss)
#   Set larger code cache with -XX:ReservedCodeCacheSize=
#   JVM is running with Unscaled Compressed Oops mode in which the Java heap is
#     placed in the first 4GB address space. The Java Heap base address is the
#     maximum limit for the native heap growth. Please use -XX:HeapBaseMinAddress
#     to set the Java Heap base and to place the Java Heap above 4GB virtual address.
# This output file may be truncated or incomplete.
#
#  Out of Memory Error (virtualSpaceNode.cpp:110), pid=27500, tid=12068
#
# JRE version: Java(TM) SE Runtime Environment (17.0.10+11) (build 17.0.10+11-LTS-240)
# Java VM: Java HotSpot(TM) 64-Bit Server VM (17.0.10+11-LTS-240, mixed mode, sharing, tiered, compressed oops, compressed class ptrs, g1 gc, windows-amd64)
# No core dump will be written. Minidumps are not enabled by default on client versions of Windows
#

---------------  S U M M A R Y ------------

Command Line: -Xmx64m -Xms64m -Dorg.gradle.appname=gradlew C:\Users\Roshan\BabyBillV2\android\\gradle\wrapper\gradle-wrapper.jar assembleDebug

Host: 12th Gen Intel(R) Core(TM) i7-12700H, 20 cores, 15G,  Windows 11 , 64 bit Build 26100 (10.0.26100.7705)
Time: Fri Feb 20 13:35:50 2026 Mountain Standard Time elapsed time: 62.259819 seconds (0d 0h 1m 2s)

---------------  T H R E A D  ---------------

Current thread (0x0000021961cf7bb0):  JavaThread "C1 CompilerThread0" daemon [_thread_in_vm, id=12068, stack(0x000000efcd600000,0x000000efcd700000)]


Current CompileTask:
C1:  62259 1971       3       org.gradle.internal.serialize.kryo.KryoBackedDecoder::maybeReadBytes (11 bytes)

Stack: [0x000000efcd600000,0x000000efcd700000]
Native frames: (J=compiled Java code, j=interpreted, Vv=VM code, C=native code)
V  [jvm.dll+0x677a5a]
V  [jvm.dll+0x7d8b2d]
V  [jvm.dll+0x7da48e]
V  [jvm.dll+0x7daaf3]
V  [jvm.dll+0x2455ff]
V  [jvm.dll+0x7d483b]
V  [jvm.dll+0x61dc06]
V  [jvm.dll+0x1bfa87]
V  [jvm.dll+0x620570]
V  [jvm.dll+0x61e5c6]
V  [jvm.dll+0x62f64a]
V  [jvm.dll+0x6285ea]
V  [jvm.dll+0x1cb8a0]
V  [jvm.dll+0x1cba90]
V  [jvm.dll+0x146701]
V  [jvm.dll+0x146545]
V  [jvm.dll+0x13e271]
V  [jvm.dll+0x1404fe]
V  [jvm.dll+0x13eb05]
V  [jvm.dll+0x138bc8]
V  [jvm.dll+0x1481a6]
V  [jvm.dll+0x134360]
V  [jvm.dll+0x1346c0]
V  [jvm.dll+0x134988]
V  [jvm.dll+0x133e21]
V  [jvm.dll+0x135abd]
V  [jvm.dll+0x226aeb]
V  [jvm.dll+0x224cab]
V  [jvm.dll+0x78e45c]
V  [jvm.dll+0x78888a]
V  [jvm.dll+0x676935]
C  [ucrtbase.dll+0x37b0]
C  [KERNEL32.DLL+0x2e8d7]
C  [ntdll.dll+0x8c40c]


---------------  P R O C E S S  ---------------

Threads class SMR info:
_java_thread_list=0x000002196619f1a0, length=13, elements={
0x000002194765fe00, 0x0000021961cd27f0, 0x0000021961cd33b0, 0x0000021961ced100,
0x0000021961cedac0, 0x0000021961cee480, 0x0000021961ceee40, 0x0000021961cefbe0,
0x0000021961cf7bb0, 0x0000021961cfa0f0, 0x000002196616de50, 0x00000219661727f0,
0x0000021966fab2a0
}

Java Threads: ( => current thread )
  0x000002194765fe00 JavaThread "main" [_thread_in_native, id=5352, stack(0x000000efcc800000,0x000000efcc900000)]
  0x0000021961cd27f0 JavaThread "Reference Handler" daemon [_thread_blocked, id=15788, stack(0x000000efccf00000,0x000000efcd000000)]
  0x0000021961cd33b0 JavaThread "Finalizer" daemon [_thread_blocked, id=27408, stack(0x000000efcd000000,0x000000efcd100000)]
  0x0000021961ced100 JavaThread "Signal Dispatcher" daemon [_thread_blocked, id=18136, stack(0x000000efcd100000,0x000000efcd200000)]
  0x0000021961cedac0 JavaThread "Attach Listener" daemon [_thread_blocked, id=26112, stack(0x000000efcd200000,0x000000efcd300000)]
  0x0000021961cee480 JavaThread "Service Thread" daemon [_thread_blocked, id=25720, stack(0x000000efcd300000,0x000000efcd400000)]
  0x0000021961ceee40 JavaThread "Monitor Deflation Thread" daemon [_thread_blocked, id=14048, stack(0x000000efcd400000,0x000000efcd500000)]
  0x0000021961cefbe0 JavaThread "C2 CompilerThread0" daemon [_thread_blocked, id=27160, stack(0x000000efcd500000,0x000000efcd600000)]
=>0x0000021961cf7bb0 JavaThread "C1 CompilerThread0" daemon [_thread_in_vm, id=12068, stack(0x000000efcd600000,0x000000efcd700000)]
  0x0000021961cfa0f0 JavaThread "Sweeper thread" daemon [_thread_blocked, id=20560, stack(0x000000efcd700000,0x000000efcd800000)]
  0x000002196616de50 JavaThread "Notification Thread" daemon [_thread_blocked, id=2988, stack(0x000000efcdb00000,0x000000efcdc00000)]
  0x00000219661727f0 JavaThread "Common-Cleaner" daemon [_thread_blocked, id=16604, stack(0x000000efcdd00000,0x000000efcde00000)]
  0x0000021966fab2a0 JavaThread "pool-1-thread-1" [_thread_in_native, id=25128, stack(0x000000efce600000,0x000000efce700000)]

Other Threads:
  0x0000021961ccbd30 VMThread "VM Thread" [stack: 0x000000efcce00000,0x000000efccf00000] [id=24892]
  0x00000219476de480 WatcherThread [stack: 0x000000efcdc00000,0x000000efcdd00000] [id=26880]
  0x0000021947681f80 GCTaskThread "GC Thread#0" [stack: 0x000000efcc900000,0x000000efcca00000] [id=26700]
  0x0000021966301210 GCTaskThread "GC Thread#1" [stack: 0x000000efce100000,0x000000efce200000] [id=17504]
  0x000002196648a8e0 GCTaskThread "GC Thread#2" [stack: 0x000000efce200000,0x000000efce300000] [id=12584]
  0x000002196640a4d0 GCTaskThread "GC Thread#3" [stack: 0x000000efce300000,0x000000efce400000] [id=26660]
  0x000002196808f700 GCTaskThread "GC Thread#4" [stack: 0x000000efce700000,0x000000efce800000] [id=3592]
  0x00000219673a4db0 GCTaskThread "GC Thread#5" [stack: 0x000000efce800000,0x000000efce900000] [id=26432]
  0x0000021966fe8020 GCTaskThread "GC Thread#6" [stack: 0x000000efce900000,0x000000efcea00000] [id=24816]
  0x0000021968568540 GCTaskThread "GC Thread#7" [stack: 0x000000efcea00000,0x000000efceb00000] [id=25220]
  0x00000219476836d0 ConcurrentGCThread "G1 Main Marker" [stack: 0x000000efcca00000,0x000000efccb00000] [id=20280]
  0x00000219476850f0 ConcurrentGCThread "G1 Conc#0" [stack: 0x000000efccb00000,0x000000efccc00000] [id=13748]
  0x00000219476f7d20 ConcurrentGCThread "G1 Refine#0" [stack: 0x000000efccc00000,0x000000efccd00000] [id=20720]
  0x000002194771de00 ConcurrentGCThread "G1 Service" [stack: 0x000000efccd00000,0x000000efcce00000] [id=27536]

Threads with active compile tasks:
C1 CompilerThread0    62307 1971       3       org.gradle.internal.serialize.kryo.KryoBackedDecoder::maybeReadBytes (11 bytes)

VM state: not at safepoint (normal execution)

VM Mutex/Monitor currently owned by a thread:  ([mutex/lock_event])
[0x000002194765bfa0] Metaspace_lock - owner thread: 0x0000021961cf7bb0
[0x000002194765e160] MethodData_lock - owner thread: 0x0000021961cf7bb0

Heap address: 0x00000000fc000000, size: 64 MB, Compressed Oops mode: 32-bit

CDS archive(s) mapped at: [0x0000021900000000-0x0000021900bd0000-0x0000021900bd0000), size 12386304, SharedBaseAddress: 0x0000021900000000, ArchiveRelocationMode: 1.
Compressed class space mapped at: 0x0000021901000000-0x0000021941000000, reserved size: 1073741824
Narrow klass base: 0x0000021900000000, Narrow klass shift: 0, Narrow klass range: 0x100000000

GC Precious Log:
 CPUs: 20 total, 20 available
 Memory: 16066M
 Large Page Support: Disabled
 NUMA Support: Disabled
 Compressed Oops: Enabled (32-bit)
 Heap Region Size: 1M
 Heap Min Capacity: 64M
 Heap Initial Capacity: 64M
 Heap Max Capacity: 64M
 Pre-touch: Disabled
 Parallel Workers: 15
 Concurrent Workers: 4
 Concurrent Refinement Workers: 15
 Periodic GC: Disabled

Heap:
 garbage-first heap   total 65536K, used 19249K [0x00000000fc000000, 0x0000000100000000)
  region size 1024K, 13 young (13312K), 4 survivors (4096K)
 Metaspace       used 9567K, committed 9728K, reserved 1114112K
  class space    used 1245K, committed 1344K, reserved 1048576K

Heap Regions: E=young(eden), S=young(survivor), O=old, HS=humongous(starts), HC=humongous(continues), CS=collection set, F=free, OA=open archive, CA=closed archive, TAMS=top-at-mark-start (previous, next)
|   0|0x00000000fc000000, 0x00000000fc100000, 0x00000000fc100000|100%|HS|  |TAMS 0x00000000fc000000, 0x00000000fc000000| Complete 
|   1|0x00000000fc100000, 0x00000000fc200000, 0x00000000fc200000|100%|HC|  |TAMS 0x00000000fc100000, 0x00000000fc100000| Complete 
|   2|0x00000000fc200000, 0x00000000fc300000, 0x00000000fc300000|100%|HC|  |TAMS 0x00000000fc200000, 0x00000000fc200000| Complete 
|   3|0x00000000fc300000, 0x00000000fc400000, 0x00000000fc400000|100%| O|  |TAMS 0x00000000fc300000, 0x00000000fc300000| Untracked 
|   4|0x00000000fc400000, 0x00000000fc500000, 0x00000000fc500000|100%| O|  |TAMS 0x00000000fc400000, 0x00000000fc400000| Untracked 
|   5|0x00000000fc500000, 0x00000000fc600000, 0x00000000fc600000|100%| O|  |TAMS 0x00000000fc500000, 0x00000000fc500000| Untracked 
|   6|0x00000000fc600000, 0x00000000fc6cc400, 0x00000000fc700000| 79%| O|  |TAMS 0x00000000fc600000, 0x00000000fc600000| Untracked 
|   7|0x00000000fc700000, 0x00000000fc700000, 0x00000000fc800000|  0%| F|  |TAMS 0x00000000fc700000, 0x00000000fc700000| Untracked 
|   8|0x00000000fc800000, 0x00000000fc800000, 0x00000000fc900000|  0%| F|  |TAMS 0x00000000fc800000, 0x00000000fc800000| Untracked 
|   9|0x00000000fc900000, 0x00000000fc900000, 0x00000000fca00000|  0%| F|  |TAMS 0x00000000fc900000, 0x00000000fc900000| Untracked 
|  10|0x00000000fca00000, 0x00000000fca00000, 0x00000000fcb00000|  0%| F|  |TAMS 0x00000000fca00000, 0x00000000fca00000| Untracked 
|  11|0x00000000fcb00000, 0x00000000fcb00000, 0x00000000fcc00000|  0%| F|  |TAMS 0x00000000fcb00000, 0x00000000fcb00000| Untracked 
|  12|0x00000000fcc00000, 0x00000000fcc00000, 0x00000000fcd00000|  0%| F|  |TAMS 0x00000000fcc00000, 0x00000000fcc00000| Untracked 
|  13|0x00000000fcd00000, 0x00000000fcd00000, 0x00000000fce00000|  0%| F|  |TAMS 0x00000000fcd00000, 0x00000000fcd00000| Untracked 
|  14|0x00000000fce00000, 0x00000000fce00000, 0x00000000fcf00000|  0%| F|  |TAMS 0x00000000fce00000, 0x00000000fce00000| Untracked 
|  15|0x00000000fcf00000, 0x00000000fcf00000, 0x00000000fd000000|  0%| F|  |TAMS 0x00000000fcf00000, 0x00000000fcf00000| Untracked 
|  16|0x00000000fd000000, 0x00000000fd000000, 0x00000000fd100000|  0%| F|  |TAMS 0x00000000fd000000, 0x00000000fd000000| Untracked 
|  17|0x00000000fd100000, 0x00000000fd100000, 0x00000000fd200000|  0%| F|  |TAMS 0x00000000fd100000, 0x00000000fd100000| Untracked 
|  18|0x00000000fd200000, 0x00000000fd200000, 0x00000000fd300000|  0%| F|  |TAMS 0x00000000fd200000, 0x00000000fd200000| Untracked 
|  19|0x00000000fd300000, 0x00000000fd300000, 0x00000000fd400000|  0%| F|  |TAMS 0x00000000fd300000, 0x00000000fd300000| Untracked 
|  20|0x00000000fd400000, 0x00000000fd400000, 0x00000000fd500000|  0%| F|  |TAMS 0x00000000fd400000, 0x00000000fd400000| Untracked 
|  21|0x00000000fd500000, 0x00000000fd500000, 0x00000000fd600000|  0%| F|  |TAMS 0x00000000fd500000, 0x00000000fd500000| Untracked 
|  22|0x00000000fd600000, 0x00000000fd600000, 0x00000000fd700000|  0%| F|  |TAMS 0x00000000fd600000, 0x00000000fd600000| Untracked 
|  23|0x00000000fd700000, 0x00000000fd700000, 0x00000000fd800000|  0%| F|  |TAMS 0x00000000fd700000, 0x00000000fd700000| Untracked 
|  24|0x00000000fd800000, 0x00000000fd800000, 0x00000000fd900000|  0%| F|  |TAMS 0x00000000fd800000, 0x00000000fd800000| Untracked 
|  25|0x00000000fd900000, 0x00000000fd900000, 0x00000000fda00000|  0%| F|  |TAMS 0x00000000fd900000, 0x00000000fd900000| Untracked 
|  26|0x00000000fda00000, 0x00000000fda00000, 0x00000000fdb00000|  0%| F|  |TAMS 0x00000000fda00000, 0x00000000fda00000| Untracked 
|  27|0x00000000fdb00000, 0x00000000fdb00000, 0x00000000fdc00000|  0%| F|  |TAMS 0x00000000fdb00000, 0x00000000fdb00000| Untracked 
|  28|0x00000000fdc00000, 0x00000000fdd00000, 0x00000000fdd00000|100%| S|CS|TAMS 0x00000000fdc00000, 0x00000000fdc00000| Complete 
|  29|0x00000000fdd00000, 0x00000000fde00000, 0x00000000fde00000|100%| S|CS|TAMS 0x00000000fdd00000, 0x00000000fdd00000| Complete 
|  30|0x00000000fde00000, 0x00000000fdf00000, 0x00000000fdf00000|100%| S|CS|TAMS 0x00000000fde00000, 0x00000000fde00000| Complete 
|  31|0x00000000fdf00000, 0x00000000fe000000, 0x00000000fe000000|100%| S|CS|TAMS 0x00000000fdf00000, 0x00000000fdf00000| Complete 
|  32|0x00000000fe000000, 0x00000000fe000000, 0x00000000fe100000|  0%| F|  |TAMS 0x00000000fe000000, 0x00000000fe000000| Untracked 
|  33|0x00000000fe100000, 0x00000000fe100000, 0x00000000fe200000|  0%| F|  |TAMS 0x00000000fe100000, 0x00000000fe100000| Untracked 
|  34|0x00000000fe200000, 0x00000000fe200000, 0x00000000fe300000|  0%| F|  |TAMS 0x00000000fe200000, 0x00000000fe200000| Untracked 
|  35|0x00000000fe300000, 0x00000000fe300000, 0x00000000fe400000|  0%| F|  |TAMS 0x00000000fe300000, 0x00000000fe300000| Untracked 
|  36|0x00000000fe400000, 0x00000000fe400000, 0x00000000fe500000|  0%| F|  |TAMS 0x00000000fe400000, 0x00000000fe400000| Untracked 
|  37|0x00000000fe500000, 0x00000000fe500000, 0x00000000fe600000|  0%| F|  |TAMS 0x00000000fe500000, 0x00000000fe500000| Untracked 
|  38|0x00000000fe600000, 0x00000000fe600000, 0x00000000fe700000|  0%| F|  |TAMS 0x00000000fe600000, 0x00000000fe600000| Untracked 
|  39|0x00000000fe700000, 0x00000000fe700000, 0x00000000fe800000|  0%| F|  |TAMS 0x00000000fe700000, 0x00000000fe700000| Untracked 
|  40|0x00000000fe800000, 0x00000000fe800000, 0x00000000fe900000|  0%| F|  |TAMS 0x00000000fe800000, 0x00000000fe800000| Untracked 
|  41|0x00000000fe900000, 0x00000000fe900000, 0x00000000fea00000|  0%| F|  |TAMS 0x00000000fe900000, 0x00000000fe900000| Untracked 
|  42|0x00000000fea00000, 0x00000000fea00000, 0x00000000feb00000|  0%| F|  |TAMS 0x00000000fea00000, 0x00000000fea00000| Untracked 
|  43|0x00000000feb00000, 0x00000000feb00000, 0x00000000fec00000|  0%| F|  |TAMS 0x00000000feb00000, 0x00000000feb00000| Untracked 
|  44|0x00000000fec00000, 0x00000000fec00000, 0x00000000fed00000|  0%| F|  |TAMS 0x00000000fec00000, 0x00000000fec00000| Untracked 
|  45|0x00000000fed00000, 0x00000000fed00000, 0x00000000fee00000|  0%| F|  |TAMS 0x00000000fed00000, 0x00000000fed00000| Untracked 
|  46|0x00000000fee00000, 0x00000000fee00000, 0x00000000fef00000|  0%| F|  |TAMS 0x00000000fee00000, 0x00000000fee00000| Untracked 
|  47|0x00000000fef00000, 0x00000000fef00000, 0x00000000ff000000|  0%| F|  |TAMS 0x00000000fef00000, 0x00000000fef00000| Untracked 
|  48|0x00000000ff000000, 0x00000000ff000000, 0x00000000ff100000|  0%| F|  |TAMS 0x00000000ff000000, 0x00000000ff000000| Untracked 
|  49|0x00000000ff100000, 0x00000000ff100000, 0x00000000ff200000|  0%| F|  |TAMS 0x00000000ff100000, 0x00000000ff100000| Untracked 
|  50|0x00000000ff200000, 0x00000000ff200000, 0x00000000ff300000|  0%| F|  |TAMS 0x00000000ff200000, 0x00000000ff200000| Untracked 
|  51|0x00000000ff300000, 0x00000000ff300000, 0x00000000ff400000|  0%| F|  |TAMS 0x00000000ff300000, 0x00000000ff300000| Untracked 
|  52|0x00000000ff400000, 0x00000000ff400000, 0x00000000ff500000|  0%| F|  |TAMS 0x00000000ff400000, 0x00000000ff400000| Untracked 
|  53|0x00000000ff500000, 0x00000000ff500000, 0x00000000ff600000|  0%| F|  |TAMS 0x00000000ff500000, 0x00000000ff500000| Untracked 
|  54|0x00000000ff600000, 0x00000000ff600000, 0x00000000ff700000|  0%| F|  |TAMS 0x00000000ff600000, 0x00000000ff600000| Untracked 
|  55|0x00000000ff700000, 0x00000000ff713458, 0x00000000ff800000|  7%| E|  |TAMS 0x00000000ff700000, 0x00000000ff700000| Complete 
|  56|0x00000000ff800000, 0x00000000ff900000, 0x00000000ff900000|100%| E|CS|TAMS 0x00000000ff800000, 0x00000000ff800000| Complete 
|  57|0x00000000ff900000, 0x00000000ffa00000, 0x00000000ffa00000|100%| E|CS|TAMS 0x00000000ff900000, 0x00000000ff900000| Complete 
|  58|0x00000000ffa00000, 0x00000000ffb00000, 0x00000000ffb00000|100%| E|CS|TAMS 0x00000000ffa00000, 0x00000000ffa00000| Complete 
|  59|0x00000000ffb00000, 0x00000000ffc00000, 0x00000000ffc00000|100%| E|CS|TAMS 0x00000000ffb00000, 0x00000000ffb00000| Complete 
|  60|0x00000000ffc00000, 0x00000000ffd00000, 0x00000000ffd00000|100%| E|CS|TAMS 0x00000000ffc00000, 0x00000000ffc00000| Complete 
|  61|0x00000000ffd00000, 0x00000000ffe00000, 0x00000000ffe00000|100%| E|CS|TAMS 0x00000000ffd00000, 0x00000000ffd00000| Complete 
|  62|0x00000000ffe00000, 0x00000000fff00000, 0x00000000fff00000|100%| E|CS|TAMS 0x00000000ffe00000, 0x00000000ffe00000| Complete 
|  63|0x00000000fff00000, 0x0000000100000000, 0x0000000100000000|100%| E|CS|TAMS 0x00000000fff00000, 0x00000000fff00000| Complete 

Card table byte_map: [0x0000021945560000,0x0000021945580000] _byte_map_base: 0x0000021944d80000

Marking Bits (Prev, Next): (CMBitMap*) 0x00000219476825a0, (CMBitMap*) 0x00000219476825e0
 Prev Bits: [0x000002195e9b0000, 0x000002195eab0000)
 Next Bits: [0x000002195eab0000, 0x000002195ebb0000)

Polling page: 0x0000021945510000

Metaspace:

Usage:
  Non-class:      8.13 MB used.
      Class:      1.22 MB used.
       Both:      9.34 MB used.

Virtual space:
  Non-class space:       64.00 MB reserved,       8.19 MB ( 13%) committed,  1 nodes.
      Class space:        1.00 GB reserved,       1.31 MB ( <1%) committed,  1 nodes.
             Both:        1.06 GB reserved,       9.50 MB ( <1%) committed. 

Chunk freelists:
   Non-Class:  7.67 MB
       Class:  14.52 MB
        Both:  22.19 MB

MaxMetaspaceSize: unlimited
CompressedClassSpaceSize: 1.00 GB
Initial GC threshold: 21.00 MB
Current GC threshold: 21.00 MB
CDS: on
MetaspaceReclaimPolicy: balanced
 - commit_granule_bytes: 65536.
 - commit_granule_words: 8192.
 - virtual_space_node_default_size: 8388608.
 - enlarge_chunks_in_place: 1.
 - new_chunks_are_fully_committed: 0.
 - uncommit_free_chunks: 1.
 - use_allocation_guard: 0.
 - handle_deallocations: 1.


Internal statistics:

num_allocs_failed_limit: 0.
num_arena_births: 72.
num_arena_deaths: 0.
num_vsnodes_births: 2.
num_vsnodes_deaths: 0.
num_space_committed: 152.
num_space_uncommitted: 0.
num_chunks_returned_to_freelist: 0.
num_chunks_taken_from_freelist: 327.
num_chunk_merges: 0.
num_chunk_splits: 215.
num_chunks_enlarged: 182.
num_inconsistent_stats: 0.

CodeHeap 'non-profiled nmethods': size=119168Kb used=809Kb max_used=809Kb free=118358Kb
 bounds [0x0000021956ab0000, 0x0000021956d20000, 0x000002195df10000]
CodeHeap 'profiled nmethods': size=119104Kb used=3730Kb max_used=3730Kb free=115373Kb
 bounds [0x000002194ef10000, 0x000002194f2c0000, 0x0000021956360000]
CodeHeap 'non-nmethods': size=7488Kb used=1170Kb max_used=2884Kb free=6318Kb
 bounds [0x0000021956360000, 0x0000021956640000, 0x0000021956ab0000]
 total_blobs=2436 nmethods=1971 adapters=378
 compilation: enabled
              stopped_count=0, restarted_count=0
 full_count=0

Compilation events (20 events):
Event: 53.047 Thread 0x0000021961cefbe0 nmethod 1961 0x0000021956b79a10 code [0x0000021956b79ba0, 0x0000021956b79f98]
Event: 53.259 Thread 0x0000021961cefbe0 1962       4       org.gradle.internal.operations.OperationIdentifier::equals (47 bytes)
Event: 53.260 Thread 0x0000021961cefbe0 nmethod 1962 0x0000021956b7a110 code [0x0000021956b7a280, 0x0000021956b7a358]
Event: 53.308 Thread 0x0000021961cf7bb0 1963       3       org.gradle.internal.logging.console.ProgressBar::trimToConsole (45 bytes)
Event: 53.308 Thread 0x0000021961cf7bb0 nmethod 1963 0x000002194f2b1110 code [0x000002194f2b12e0, 0x000002194f2b1668]
Event: 53.308 Thread 0x0000021961cf7bb0 1964       3       com.google.common.collect.ObjectArrays::checkElementNotNull (33 bytes)
Event: 53.309 Thread 0x0000021961cf7bb0 nmethod 1964 0x000002194f2b1810 code [0x000002194f2b1a00, 0x000002194f2b1ce8]
Event: 55.126 Thread 0x0000021961cf7bb0 1965   !   3       java.nio.CharBuffer::wrap (21 bytes)
Event: 55.126 Thread 0x0000021961cf7bb0 nmethod 1965 0x000002194f2b1e90 code [0x000002194f2b2040, 0x000002194f2b22d8]
Event: 55.126 Thread 0x0000021961cf7bb0 1966       3       sun.nio.cs.StreamEncoder::implWrite (137 bytes)
Event: 55.127 Thread 0x0000021961cf7bb0 nmethod 1966 0x000002194f2b2410 code [0x000002194f2b2680, 0x000002194f2b3048]
Event: 61.225 Thread 0x0000021961cf7bb0 1967       3       java.nio.CharBuffer::<init> (24 bytes)
Event: 61.226 Thread 0x0000021961cf7bb0 nmethod 1967 0x000002194f2b3410 code [0x000002194f2b35c0, 0x000002194f2b3768]
Event: 61.477 Thread 0x0000021961cf7bb0 1968       3       org.gradle.internal.logging.console.MultiLineBuildProgressArea::newLineAdjustment (50 bytes)
Event: 61.478 Thread 0x0000021961cf7bb0 nmethod 1968 0x000002194f2b3810 code [0x000002194f2b3a00, 0x000002194f2b3f88]
Event: 61.582 Thread 0x0000021961cf7bb0 1969       3       com.google.common.base.Preconditions::checkPositionIndex (8 bytes)
Event: 61.583 Thread 0x0000021961cf7bb0 nmethod 1969 0x000002194f2b4190 code [0x000002194f2b4320, 0x000002194f2b4448]
Event: 61.583 Thread 0x0000021961cf7bb0 1970       3       com.google.common.base.Preconditions::checkPositionIndex (25 bytes)
Event: 61.583 Thread 0x0000021961cf7bb0 nmethod 1970 0x000002194f2b4510 code [0x000002194f2b46c0, 0x000002194f2b4938]
Event: 62.255 Thread 0x0000021961cf7bb0 1971       3       org.gradle.internal.serialize.kryo.KryoBackedDecoder::maybeReadBytes (11 bytes)

GC Heap History (4 events):
Event: 0.227 GC heap before
{Heap before GC invocations=0 (full 0):
 garbage-first heap   total 65536K, used 22528K [0x00000000fc000000, 0x0000000100000000)
  region size 1024K, 23 young (23552K), 0 survivors (0K)
 Metaspace       used 1697K, committed 1856K, reserved 1114112K
  class space    used 155K, committed 192K, reserved 1048576K
}
Event: 0.229 GC heap after
{Heap after GC invocations=1 (full 0):
 garbage-first heap   total 65536K, used 1744K [0x00000000fc000000, 0x0000000100000000)
  region size 1024K, 2 young (2048K), 2 survivors (2048K)
 Metaspace       used 1697K, committed 1856K, reserved 1114112K
  class space    used 155K, committed 192K, reserved 1048576K
}
Event: 0.829 GC heap before
{Heap before GC invocations=1 (full 0):
 garbage-first heap   total 65536K, used 35536K [0x00000000fc000000, 0x0000000100000000)
  region size 1024K, 32 young (32768K), 2 survivors (2048K)
 Metaspace       used 7428K, committed 7616K, reserved 1114112K
  class space    used 1003K, committed 1088K, reserved 1048576K
}
Event: 0.833 GC heap after
{Heap after GC invocations=2 (full 0):
 garbage-first heap   total 65536K, used 11057K [0x00000000fc000000, 0x0000000100000000)
  region size 1024K, 4 young (4096K), 4 survivors (4096K)
 Metaspace       used 7428K, committed 7616K, reserved 1114112K
  class space    used 1003K, committed 1088K, reserved 1048576K
}

Deoptimization events (20 events):
Event: 2.300 Thread 0x000002194765fe00 DEOPT PACKING pc=0x0000021956acf7e4 sp=0x000000efcc8fcf40
Event: 2.300 Thread 0x000002194765fe00 DEOPT UNPACKING pc=0x00000219563b23a3 sp=0x000000efcc8fce80 mode 2
Event: 2.446 Thread 0x0000021966fab2a0 Uncommon trap: trap_request=0xffffff45 fr.pc=0x0000021956ad1954 relative=0x00000000000001b4
Event: 2.446 Thread 0x0000021966fab2a0 Uncommon trap: reason=unstable_if action=reinterpret pc=0x0000021956ad1954 method=java.lang.String.indexOf(II)I @ 4 c2
Event: 2.446 Thread 0x0000021966fab2a0 DEOPT PACKING pc=0x0000021956ad1954 sp=0x000000efce6fe830
Event: 2.446 Thread 0x0000021966fab2a0 DEOPT UNPACKING pc=0x00000219563b23a3 sp=0x000000efce6fe7d0 mode 2
Event: 2.446 Thread 0x0000021966fab2a0 Uncommon trap: trap_request=0xffffff45 fr.pc=0x0000021956afa6a0 relative=0x00000000000004e0
Event: 2.446 Thread 0x0000021966fab2a0 Uncommon trap: reason=unstable_if action=reinterpret pc=0x0000021956afa6a0 method=java.lang.AbstractStringBuilder.putStringAt(ILjava/lang/String;II)V @ 8 c2
Event: 2.446 Thread 0x0000021966fab2a0 DEOPT PACKING pc=0x0000021956afa6a0 sp=0x000000efce6fe580
Event: 2.446 Thread 0x0000021966fab2a0 DEOPT UNPACKING pc=0x00000219563b23a3 sp=0x000000efce6fe460 mode 2
Event: 2.446 Thread 0x0000021966fab2a0 Uncommon trap: trap_request=0xffffff45 fr.pc=0x0000021956b57c74 relative=0x00000000000003d4
Event: 2.446 Thread 0x0000021966fab2a0 Uncommon trap: reason=unstable_if action=reinterpret pc=0x0000021956b57c74 method=java.lang.AbstractStringBuilder.isLatin1()Z @ 10 c2
Event: 2.446 Thread 0x0000021966fab2a0 DEOPT PACKING pc=0x0000021956b57c74 sp=0x000000efce6fe9d0
Event: 2.446 Thread 0x0000021966fab2a0 DEOPT UNPACKING pc=0x00000219563b23a3 sp=0x000000efce6fe950 mode 2
Event: 2.446 Thread 0x0000021966fab2a0 Uncommon trap: trap_request=0xffffff45 fr.pc=0x0000021956acad7c relative=0x000000000000025c
Event: 2.446 Thread 0x0000021966fab2a0 Uncommon trap: reason=unstable_if action=reinterpret pc=0x0000021956acad7c method=java.lang.String.getChars(II[CI)V @ 23 c2
Event: 2.446 Thread 0x0000021966fab2a0 DEOPT PACKING pc=0x0000021956acad7c sp=0x000000efce6fe880
Event: 2.446 Thread 0x0000021966fab2a0 DEOPT UNPACKING pc=0x00000219563b23a3 sp=0x000000efce6fe840 mode 2
Event: 44.557 Thread 0x000002194765fe00 DEOPT PACKING pc=0x000002194f1c344d sp=0x000000efcc8fcdb0
Event: 44.557 Thread 0x000002194765fe00 DEOPT UNPACKING pc=0x00000219563b2b43 sp=0x000000efcc8fc248 mode 0

Classes unloaded (0 events):
No events

Classes redefined (0 events):
No events

Internal exceptions (19 events):
Event: 0.094 Thread 0x000002194765fe00 Exception <a 'java/lang/NoSuchMethodError'{0x00000000ffce4f90}: 'int java.lang.invoke.DirectMethodHandle$Holder.invokeStaticInit(java.lang.Object, java.lang.Object)'> (0x00000000ffce4f90) 
thrown [s\open\src\hotspot\share\interpreter\linkResolver.cpp, line 759]
Event: 0.470 Thread 0x000002194765fe00 Exception <a 'java/lang/NoSuchMethodError'{0x00000000ff354e28}: 'int java.lang.invoke.DirectMethodHandle$Holder.invokeStatic(java.lang.Object, java.lang.Object, int)'> (0x00000000ff354e28) 
thrown [s\open\src\hotspot\share\interpreter\linkResolver.cpp, line 759]
Event: 0.545 Thread 0x000002194765fe00 Exception <a 'java/lang/NoSuchMethodError'{0x00000000fef27900}: 'java.lang.Object java.lang.invoke.DirectMethodHandle$Holder.invokeStaticInit(java.lang.Object)'> (0x00000000fef27900) 
thrown [s\open\src\hotspot\share\interpreter\linkResolver.cpp, line 759]
Event: 0.554 Thread 0x000002194765fe00 Exception <a 'java/lang/NoSuchMethodError'{0x00000000fef425c8}: 'int java.lang.invoke.DirectMethodHandle$Holder.invokeSpecial(java.lang.Object, java.lang.Object, java.lang.Object)'> (0x00000000fef425c8) 
thrown [s\open\src\hotspot\share\interpreter\linkResolver.cpp, line 759]
Event: 0.559 Thread 0x000002194765fe00 Exception <a 'java/lang/NoSuchMethodError'{0x00000000fef7f528}: 'void java.lang.invoke.DirectMethodHandle$Holder.invokeStatic(java.lang.Object, java.lang.Object)'> (0x00000000fef7f528) 
thrown [s\open\src\hotspot\share\interpreter\linkResolver.cpp, line 759]
Event: 0.560 Thread 0x000002194765fe00 Implicit null exception at 0x0000021956b0e20a to 0x0000021956b0e748
Event: 0.591 Thread 0x000002194765fe00 Exception <a 'java/lang/NoSuchMethodError'{0x00000000fed2d278}: 'java.lang.Object java.lang.invoke.Invokers$Holder.invoker(java.lang.Object, java.lang.Object, java.lang.Object)'> (0x00000000fed2d278) 
thrown [s\open\src\hotspot\share\interpreter\linkResolver.cpp, line 759]
Event: 0.593 Thread 0x000002194765fe00 Exception <a 'java/lang/NoSuchMethodError'{0x00000000fed363d0}: 'java.lang.Object java.lang.invoke.DirectMethodHandle$Holder.invokeStatic(java.lang.Object, java.lang.Object, int)'> (0x00000000fed363d0) 
thrown [s\open\src\hotspot\share\interpreter\linkResolver.cpp, line 759]
Event: 0.594 Thread 0x000002194765fe00 Exception <a 'java/lang/NoSuchMethodError'{0x00000000fed420c0}: 'void java.lang.invoke.DelegatingMethodHandle$Holder.delegate(java.lang.Object, java.lang.Object, int, java.lang.Object)'> (0x00000000fed420c0) 
thrown [s\open\src\hotspot\share\interpreter\linkResolver.cpp, line 759]
Event: 0.597 Thread 0x000002194765fe00 Exception <a 'java/lang/NoSuchMethodError'{0x00000000fed55708}: 'java.lang.Object java.lang.invoke.Invokers$Holder.invokeExact_MT(java.lang.Object, java.lang.Object, java.lang.Object, java.lang.Object)'> (0x00000000fed55708) 
thrown [s\open\src\hotspot\share\interpreter\linkResolver.cpp, line 759]
Event: 0.601 Thread 0x000002194765fe00 Exception <a 'java/lang/NoSuchMethodError'{0x00000000fed84c60}: 'java.lang.Object java.lang.invoke.DirectMethodHandle$Holder.invokeVirtual(java.lang.Object, java.lang.Object, java.lang.Object)'> (0x00000000fed84c60) 
thrown [s\open\src\hotspot\share\interpreter\linkResolver.cpp, line 759]
Event: 0.671 Thread 0x000002194765fe00 Exception <a 'java/lang/NoSuchMethodError'{0x00000000fe940528}: 'java.lang.Object java.lang.invoke.DirectMethodHandle$Holder.newInvokeSpecial(java.lang.Object, java.lang.Object, java.lang.Object, java.lang.Object, java.lang.Object)'> (0x00000000fe940528) 
thrown [s\open\src\hotspot\share\interpreter\linkResolver.cpp, line 759]
Event: 0.688 Thread 0x000002194765fe00 Exception <a 'java/lang/NoSuchMethodError'{0x00000000fe6747b0}: 'void java.lang.invoke.DirectMethodHandle$Holder.invokeSpecial(java.lang.Object, java.lang.Object, java.lang.Object)'> (0x00000000fe6747b0) 
thrown [s\open\src\hotspot\share\interpreter\linkResolver.cpp, line 759]
Event: 0.690 Thread 0x000002194765fe00 Implicit null exception at 0x0000021956afd40f to 0x0000021956afd958
Event: 0.696 Thread 0x000002194765fe00 Implicit null exception at 0x0000021956aeef8f to 0x0000021956aef009
Event: 0.784 Thread 0x000002194765fe00 Exception <a 'java/lang/NoSuchMethodError'{0x00000000fe32f348}: 'void java.lang.invoke.DirectMethodHandle$Holder.invokeStatic(java.lang.Object, java.lang.Object, java.lang.Object)'> (0x00000000fe32f348) 
thrown [s\open\src\hotspot\share\interpreter\linkResolver.cpp, line 759]
Event: 0.846 Thread 0x000002194765fe00 Exception <a 'java/lang/NoSuchMethodError'{0x00000000ffe26260}: 'java.lang.Object java.lang.invoke.DirectMethodHandle$Holder.invokeStaticInit(java.lang.Object, int, int, int, int)'> (0x00000000ffe26260) 
thrown [s\open\src\hotspot\share\interpreter\linkResolver.cpp, line 759]
Event: 0.879 Thread 0x000002194765fe00 Exception <a 'java/lang/NoSuchMethodError'{0x00000000ffe5e638}: 'java.lang.Object java.lang.invoke.DirectMethodHandle$Holder.invokeStaticInit(java.lang.Object, java.lang.Object, int, int, int, int)'> (0x00000000ffe5e638) 
thrown [s\open\src\hotspot\share\interpreter\linkResolver.cpp, line 759]
Event: 0.893 Thread 0x000002194765fe00 Implicit null exception at 0x0000021956b0b572 to 0x0000021956b0bb48

VM Operations (20 events):
Event: 40.193 Executing VM operation: Cleanup
Event: 40.194 Executing VM operation: Cleanup done
Event: 43.228 Executing VM operation: Cleanup
Event: 43.228 Executing VM operation: Cleanup done
Event: 44.240 Executing VM operation: Cleanup
Event: 44.241 Executing VM operation: Cleanup done
Event: 45.256 Executing VM operation: Cleanup
Event: 45.256 Executing VM operation: Cleanup done
Event: 48.282 Executing VM operation: Cleanup
Event: 48.283 Executing VM operation: Cleanup done
Event: 52.323 Executing VM operation: Cleanup
Event: 52.323 Executing VM operation: Cleanup done
Event: 53.333 Executing VM operation: Cleanup
Event: 53.333 Executing VM operation: Cleanup done
Event: 54.345 Executing VM operation: Cleanup
Event: 54.346 Executing VM operation: Cleanup done
Event: 59.386 Executing VM operation: Cleanup
Event: 59.386 Executing VM operation: Cleanup done
Event: 60.030 Executing VM operation: HandshakeAllThreads
Event: 60.030 Executing VM operation: HandshakeAllThreads done

Events (20 events):
Event: 2.304 loading class sun/util/logging/PlatformLogger$ConfigurableBridge$LoggerConfiguration
Event: 2.304 loading class sun/util/logging/PlatformLogger$ConfigurableBridge$LoggerConfiguration done
Event: 2.304 loading class sun/util/logging/internal/LoggingProviderImpl$JULWrapper done
Event: 2.305 loading class java/io/ObjectInputFilter
Event: 2.305 loading class java/io/ObjectInputFilter done
Event: 2.305 loading class java/io/ObjectInputFilter$Config$BuiltinFilterFactory
Event: 2.305 loading class java/io/ObjectInputFilter$Config$BuiltinFilterFactory done
Event: 2.305 loading class jdk/internal/access/JavaObjectInputFilterAccess
Event: 2.305 loading class jdk/internal/access/JavaObjectInputFilterAccess done
Event: 2.305 loading class java/lang/System$Logger$Level
Event: 2.305 loading class java/lang/System$Logger$Level done
Event: 2.306 loading class java/io/Bits
Event: 2.306 loading class java/io/Bits done
Event: 6.944 Thread 0x0000021961d9e250 Thread exited: 0x0000021961d9e250
Event: 6.944 Thread 0x0000021961d9dc80 Thread exited: 0x0000021961d9dc80
Event: 7.133 Thread 0x00000219660300d0 Thread exited: 0x00000219660300d0
Event: 11.970 Thread 0x0000021967cc3060 Thread added: 0x0000021967cc3060
Event: 14.043 Thread 0x0000021967cc3060 Thread exited: 0x0000021967cc3060
Event: 38.946 Thread 0x0000021967389450 Thread added: 0x0000021967389450
Event: 42.740 Thread 0x0000021967389450 Thread exited: 0x0000021967389450


Dynamic libraries:
0x00007ff7cc640000 - 0x00007ff7cc650000 	C:\Program Files\Java\jdk-17\bin\java.exe
0x00007ffd90900000 - 0x00007ffd90b68000 	C:\WINDOWS\SYSTEM32\ntdll.dll
0x00007ffd8f8a0000 - 0x00007ffd8f969000 	C:\WINDOWS\System32\KERNEL32.DLL
0x00007ffd8d210000 - 0x00007ffd8d601000 	C:\WINDOWS\System32\KERNELBASE.dll
0x00007ffd8dc30000 - 0x00007ffd8dd7b000 	C:\WINDOWS\System32\ucrtbase.dll
0x00007ffd67060000 - 0x00007ffd67079000 	C:\Program Files\Java\jdk-17\bin\jli.dll
0x00007ffd66a90000 - 0x00007ffd66aab000 	C:\Program Files\Java\jdk-17\bin\VCRUNTIME140.dll
0x00007ffd8f7e0000 - 0x00007ffd8f894000 	C:\WINDOWS\System32\ADVAPI32.dll
0x00007ffd90070000 - 0x00007ffd90119000 	C:\WINDOWS\System32\msvcrt.dll
0x00007ffd8f970000 - 0x00007ffd8fa16000 	C:\WINDOWS\System32\sechost.dll
0x00007ffd8f600000 - 0x00007ffd8f718000 	C:\WINDOWS\System32\RPCRT4.dll
0x00007ffd8fdd0000 - 0x00007ffd8ff96000 	C:\WINDOWS\System32\USER32.dll
0x00007ffd8d1e0000 - 0x00007ffd8d207000 	C:\WINDOWS\System32\win32u.dll
0x00007ffd77880000 - 0x00007ffd77b13000 	C:\WINDOWS\WinSxS\amd64_microsoft.windows.common-controls_6595b64144ccf1df_6.0.26100.7824_none_3e0870b2e3345462\COMCTL32.dll
0x00007ffd8f1a0000 - 0x00007ffd8f1cb000 	C:\WINDOWS\System32\GDI32.dll
0x00007ffd8d610000 - 0x00007ffd8d73b000 	C:\WINDOWS\System32\gdi32full.dll
0x00007ffd8dd80000 - 0x00007ffd8de23000 	C:\WINDOWS\System32\msvcp_win.dll
0x00007ffd8bb30000 - 0x00007ffd8bb3b000 	C:\WINDOWS\SYSTEM32\VERSION.dll
0x00007ffd8ffa0000 - 0x00007ffd8ffd1000 	C:\WINDOWS\System32\IMM32.DLL
0x00007ffd67050000 - 0x00007ffd6705c000 	C:\Program Files\Java\jdk-17\bin\vcruntime140_1.dll
0x00007ffd66970000 - 0x00007ffd669fe000 	C:\Program Files\Java\jdk-17\bin\msvcp140.dll
0x00007ffcccd00000 - 0x00007ffccd8df000 	C:\Program Files\Java\jdk-17\bin\server\jvm.dll
0x00007ffd8f4f0000 - 0x00007ffd8f4f8000 	C:\WINDOWS\System32\PSAPI.DLL
0x00007ffd58540000 - 0x00007ffd5854a000 	C:\WINDOWS\SYSTEM32\WSOCK32.dll
0x00007ffd8e850000 - 0x00007ffd8e8c4000 	C:\WINDOWS\System32\WS2_32.dll
0x00007ffd81f50000 - 0x00007ffd81f85000 	C:\WINDOWS\SYSTEM32\WINMM.dll
0x00007ffd8bf80000 - 0x00007ffd8bf9b000 	C:\WINDOWS\SYSTEM32\kernel.appcore.dll
0x00007ffd66a80000 - 0x00007ffd66a8a000 	C:\Program Files\Java\jdk-17\bin\jimage.dll
0x00007ffd8af60000 - 0x00007ffd8b1a2000 	C:\WINDOWS\SYSTEM32\DBGHELP.DLL
0x00007ffd8fa20000 - 0x00007ffd8fda6000 	C:\WINDOWS\System32\combase.dll
0x00007ffd8f1d0000 - 0x00007ffd8f2a7000 	C:\WINDOWS\System32\OLEAUT32.dll
0x00007ffd60700000 - 0x00007ffd6073b000 	C:\WINDOWS\SYSTEM32\dbgcore.DLL
0x00007ffd8d8c0000 - 0x00007ffd8d965000 	C:\WINDOWS\System32\bcryptPrimitives.dll
0x00007ffd66a40000 - 0x00007ffd66a65000 	C:\Program Files\Java\jdk-17\bin\java.dll
0x00007ffd18400000 - 0x00007ffd184d7000 	C:\Program Files\Java\jdk-17\bin\jsvml.dll
0x00007ffd8ea40000 - 0x00007ffd8f192000 	C:\WINDOWS\System32\SHELL32.dll
0x00007ffd8da30000 - 0x00007ffd8db9a000 	C:\WINDOWS\System32\wintypes.dll
0x00007ffd8de30000 - 0x00007ffd8e693000 	C:\WINDOWS\System32\windows.storage.dll
0x00007ffd8e730000 - 0x00007ffd8e826000 	C:\WINDOWS\System32\SHCORE.dll
0x00007ffd902c0000 - 0x00007ffd90327000 	C:\WINDOWS\System32\shlwapi.dll
0x00007ffd8d100000 - 0x00007ffd8d129000 	C:\WINDOWS\SYSTEM32\profapi.dll
0x00007ffd5e3c0000 - 0x00007ffd5e3d9000 	C:\Program Files\Java\jdk-17\bin\net.dll
0x00007ffd81d20000 - 0x00007ffd81e47000 	C:\WINDOWS\SYSTEM32\WINHTTP.dll
0x00007ffd8c4f0000 - 0x00007ffd8c55b000 	C:\WINDOWS\system32\mswsock.dll
0x00007ffd5e3a0000 - 0x00007ffd5e3b6000 	C:\Program Files\Java\jdk-17\bin\nio.dll
0x00007ffd66950000 - 0x00007ffd66968000 	C:\Program Files\Java\jdk-17\bin\zip.dll
0x00007ffd5e310000 - 0x00007ffd5e31a000 	C:\Program Files\Java\jdk-17\bin\management.dll
0x00007ffd57f80000 - 0x00007ffd57f8b000 	C:\Program Files\Java\jdk-17\bin\management_ext.dll
0x00007ffd66a30000 - 0x00007ffd66a40000 	C:\Program Files\Java\jdk-17\bin\verify.dll
0x00007ffd66a00000 - 0x00007ffd66a27000 	C:\Users\Roshan\.gradle\native\1def1411415f61bf3af743bc5b6707747c0891f09f0c88961ee8f79bc544acac\windows-amd64\native-platform.dll
0x00007ffd724a0000 - 0x00007ffd724aa000 	C:\Users\Roshan\.gradle\native\jansi\1.18\windows64\jansi.dll
0x00007ffd8b700000 - 0x00007ffd8b734000 	C:\WINDOWS\SYSTEM32\IPHLPAPI.DLL
0x00007ffd8e840000 - 0x00007ffd8e84a000 	C:\WINDOWS\System32\NSI.dll
0x00007ffd83f10000 - 0x00007ffd83f2e000 	C:\WINDOWS\SYSTEM32\dhcpcsvc6.DLL
0x00007ffd83ee0000 - 0x00007ffd83f03000 	C:\WINDOWS\SYSTEM32\dhcpcsvc.DLL
0x00007ffd8b7a0000 - 0x00007ffd8b8cc000 	C:\WINDOWS\SYSTEM32\DNSAPI.dll
0x00007ffd8c7c0000 - 0x00007ffd8c7db000 	C:\WINDOWS\SYSTEM32\CRYPTSP.dll
0x00007ffd8bee0000 - 0x00007ffd8bf19000 	C:\WINDOWS\system32\rsaenh.dll
0x00007ffd8c5a0000 - 0x00007ffd8c5cb000 	C:\WINDOWS\SYSTEM32\USERENV.dll
0x00007ffd8d0d0000 - 0x00007ffd8d0fa000 	C:\WINDOWS\SYSTEM32\bcrypt.dll
0x00007ffd8c7e0000 - 0x00007ffd8c7ec000 	C:\WINDOWS\SYSTEM32\CRYPTBASE.dll
0x00007ffd57c90000 - 0x00007ffd57c9e000 	C:\Program Files\Java\jdk-17\bin\sunmscapi.dll
0x00007ffd8d740000 - 0x00007ffd8d8b7000 	C:\WINDOWS\System32\CRYPT32.dll
0x00007ffd8c9e0000 - 0x00007ffd8ca10000 	C:\WINDOWS\SYSTEM32\ncrypt.dll
0x00007ffd8c990000 - 0x00007ffd8c9cf000 	C:\WINDOWS\SYSTEM32\NTASN1.dll
0x00007ffd66db0000 - 0x00007ffd66db8000 	C:\WINDOWS\system32\wshunix.dll

dbghelp: loaded successfully - version: 4.0.5 - missing functions: none
symbol engine: initialized successfully - sym options: 0x614 - pdb path: .;C:\Program Files\Java\jdk-17\bin;C:\WINDOWS\SYSTEM32;C:\WINDOWS\WinSxS\amd64_microsoft.windows.common-controls_6595b64144ccf1df_6.0.26100.7824_none_3e0870b2e3345462;C:\Program Files\Java\jdk-17\bin\server;C:\Users\Roshan\.gradle\native\1def1411415f61bf3af743bc5b6707747c0891f09f0c88961ee8f79bc544acac\windows-amd64;C:\Users\Roshan\.gradle\native\jansi\1.18\windows64

VM Arguments:
jvm_args: -Xmx64m -Xms64m -Dorg.gradle.appname=gradlew 
java_command: C:\Users\Roshan\BabyBillV2\android\\gradle\wrapper\gradle-wrapper.jar assembleDebug
java_class_path (initial): C:\Users\Roshan\BabyBillV2\android\\gradle\wrapper\gradle-wrapper.jar
Launcher Type: SUN_STANDARD

[Global flags]
     intx CICompilerCount                          = 12                                        {product} {ergonomic}
     uint ConcGCThreads                            = 4                                         {product} {ergonomic}
     uint G1ConcRefinementThreads                  = 15                                        {product} {ergonomic}
   size_t G1HeapRegionSize                         = 1048576                                   {product} {ergonomic}
    uintx GCDrainStackTargetSize                   = 64                                        {product} {ergonomic}
   size_t InitialHeapSize                          = 67108864                                  {product} {command line}
   size_t MarkStackSize                            = 4194304                                   {product} {ergonomic}
   size_t MaxHeapSize                              = 67108864                                  {product} {command line}
   size_t MaxNewSize                               = 39845888                                  {product} {ergonomic}
   size_t MinHeapDeltaBytes                        = 1048576                                   {product} {ergonomic}
   size_t MinHeapSize                              = 67108864                                  {product} {command line}
    uintx NonNMethodCodeHeapSize                   = 7602480                                {pd product} {ergonomic}
    uintx NonProfiledCodeHeapSize                  = 122027880                              {pd product} {ergonomic}
    uintx ProfiledCodeHeapSize                     = 122027880                              {pd product} {ergonomic}
    uintx ReservedCodeCacheSize                    = 251658240                              {pd product} {ergonomic}
     bool SegmentedCodeCache                       = true                                      {product} {ergonomic}
   size_t SoftMaxHeapSize                          = 67108864                               {manageable} {ergonomic}
     bool UseCompressedClassPointers               = true                           {product lp64_product} {ergonomic}
     bool UseCompressedOops                        = true                           {product lp64_product} {ergonomic}
     bool UseG1GC                                  = true                                      {product} {ergonomic}
     bool UseLargePagesIndividualAllocation        = false                                  {pd product} {ergonomic}

Logging:
Log output configuration:
 #0: stdout all=warning uptime,level,tags
 #1: stderr all=off uptime,level,tags

Environment Variables:
PATH=C:\Python314\Scripts\;C:\Python314\;C:\Program Files (x86)\Microsoft SDKs\Azure\CLI2\wbin;C:\Program Files\Common Files\Oracle\Java\javapath;C:\WINDOWS\system32;C:\WINDOWS;C:\WINDOWS\System32\Wbem;C:\WINDOWS\System32\WindowsPowerShell\v1.0\;C:\WINDOWS\System32\OpenSSH\;C:\Program Files\dotnet\;C:\ProgramData\chocolatey\bin;C:\Desktop\Git\cmd;C:\Program Files\nodejs\;C:\Users\Roshan\AppData\Local\Programs\Python\Python314\Scripts\;C:\Users\Roshan\AppData\Local\Programs\Python\Python314\;C:\Users\Roshan\AppData\Local\Programs\Python\Python312\Scripts\;C:\Users\Roshan\AppData\Local\Programs\Python\Python312\;C:\Users\Roshan\AppData\Local\Microsoft\WindowsApps;C:\Users\Roshan\AppData\Local\Programs\Microsoft VS Code\bin;C:\Users\Roshan\AppData\Local\Python\bin;C:\Users\Roshan\AppData\Local\Android\Sdk\platform-tools;C:\Users\Roshan\AppData\Local\Android\Sdk\tools;C:\Users\Roshan\AppData\Roaming\npm;c:\Users\Roshan\.vscode\extensions\ms-python.debugpy-2025.18.0-win32-x64\bundled\scripts\noConfigScripts
USERNAME=Roshan
LANG=en_US.UTF-8
OS=Windows_NT
PROCESSOR_IDENTIFIER=Intel64 Family 6 Model 154 Stepping 3, GenuineIntel



---------------  S Y S T E M  ---------------

OS:
 Windows 11 , 64 bit Build 26100 (10.0.26100.7705)
OS uptime: 0 days 4:10 hours
Hyper-V role detected

CPU: total 20 (initial active 20) (10 cores per cpu, 2 threads per core) family 6 model 154 stepping 3 microcode 0x42c, cx8, cmov, fxsr, ht, mmx, 3dnowpref, sse, sse2, sse3, ssse3, sse4.1, sse4.2, popcnt, lzcnt, tsc, tscinvbit, avx, avx2, aes, erms, clmul, bmi1, bmi2, adx, sha, fma, vzeroupper, clflush, clflushopt, clwb, hv

Memory: 4k page, system-wide physical 16066M (499M free)
TotalPageFile size 28040M (AvailPageFile size 64M)
current process WorkingSet (physical memory assigned to process): 55M, peak: 129M
current process commit charge ("private bytes"): 180M, peak: 205M

vm_info: Java HotSpot(TM) 64-Bit Server VM (17.0.10+11-LTS-240) for windows-amd64 JRE (17.0.10+11-LTS-240), built on Dec 19 2023 21:47:25 by "mach5one" with MS VC++ 17.1 (VS2022)

END.
